[debug] [2024-04-26T16:03:29.921Z] ----------------------------------------------------------------------
[debug] [2024-04-26T16:03:29.924Z] Command:       C:\Program Files\nodejs\node.exe C:\Users\Acer\AppData\Roaming\npm\node_modules\firebase-tools\lib\bin\firebase.js init hosting
[debug] [2024-04-26T16:03:29.924Z] CLI Version:   13.7.5
[debug] [2024-04-26T16:03:29.925Z] Platform:      win32
[debug] [2024-04-26T16:03:29.925Z] Node Version:  v20.12.1
[debug] [2024-04-26T16:03:29.925Z] Time:          Fri Apr 26 2024 21:03:29 GMT+0500 (Западный Казахстан)
[debug] [2024-04-26T16:03:29.925Z] ----------------------------------------------------------------------
[debug] 
[debug] [2024-04-26T16:03:30.004Z] > command requires scopes: ["email","openid","https://www.googleapis.com/auth/cloudplatformprojects.readonly","https://www.googleapis.com/auth/firebase","https://www.googleapis.com/auth/cloud-platform"]
[debug] [2024-04-26T16:03:30.004Z] > authorizing via signed-in user (birzhankamzabek@gmail.com)
[info] 
     ######## #### ########  ######## ########     ###     ######  ########
     ##        ##  ##     ## ##       ##     ##  ##   ##  ##       ##
     ######    ##  ########  ######   ########  #########  ######  ######
     ##        ##  ##    ##  ##       ##     ## ##     ##       ## ##
     ##       #### ##     ## ######## ########  ##     ##  ######  ########

You're about to initialize a Firebase project in this directory:

  C:\Users\Acer\AndroidStudioProjects\backend\public_html\project

Before we get started, keep in mind:

  * You are initializing within an existing Firebase project directory

[info] 
=== Project Setup
[info] 
[info] First, let's associate this project directory with a Firebase project.
[info] You can create multiple project aliases by running firebase use --add, 
[info] but for now we'll just set up a default project.
[info] 
[debug] [2024-04-26T16:03:34.050Z] Using project from CLI flag: mindtrack-30aea
[debug] [2024-04-26T16:03:34.052Z] >>> [apiv2][query] GET https://firebase.googleapis.com/v1beta1/projects/mindtrack-30aea [none]
[debug] [2024-04-26T16:03:34.610Z] <<< [apiv2][status] GET https://firebase.googleapis.com/v1beta1/projects/mindtrack-30aea 200
[debug] [2024-04-26T16:03:34.610Z] <<< [apiv2][body] GET https://firebase.googleapis.com/v1beta1/projects/mindtrack-30aea {"projectId":"mindtrack-30aea","projectNumber":"942717793714","displayName":"Mindtrack","name":"projects/mindtrack-30aea","resources":{"hostingSite":"mindtrack-30aea","realtimeDatabaseInstance":"mindtrack-30aea-default-rtdb"},"state":"ACTIVE","etag":"1_97cf64b9-6f82-4ee3-b5d1-a32ff20beaf8"}
[info] i  Using project mindtrack-30aea (Mindtrack) 
[info] 
=== Hosting Setup
[debug] [2024-04-26T16:03:34.615Z] >>> [apiv2][query] GET https://firebase.googleapis.com/v1beta1/projects/mindtrack-30aea [none]
[debug] [2024-04-26T16:03:35.033Z] <<< [apiv2][status] GET https://firebase.googleapis.com/v1beta1/projects/mindtrack-30aea 200
[debug] [2024-04-26T16:03:35.033Z] <<< [apiv2][body] GET https://firebase.googleapis.com/v1beta1/projects/mindtrack-30aea {"projectId":"mindtrack-30aea","projectNumber":"942717793714","displayName":"Mindtrack","name":"projects/mindtrack-30aea","resources":{"hostingSite":"mindtrack-30aea","realtimeDatabaseInstance":"mindtrack-30aea-default-rtdb"},"state":"ACTIVE","etag":"1_97cf64b9-6f82-4ee3-b5d1-a32ff20beaf8"}
[info] 
[info] Your public directory is the folder (relative to your project directory) that
[info] will contain Hosting assets to be uploaded with firebase deploy. If you
[info] have a build process for your assets, use your build's output directory.
[info] 
[debug] [2024-04-26T16:03:55.461Z] >>> [apiv2][query] GET https://www.gstatic.com/firebasejs/releases.json [none]
[debug] [2024-04-26T16:03:55.864Z] <<< [apiv2][status] GET https://www.gstatic.com/firebasejs/releases.json 200
[debug] [2024-04-26T16:03:55.864Z] <<< [apiv2][body] GET https://www.gstatic.com/firebasejs/releases.json {"current":{"version":"10.11.1","browserURL":"https://www.gstatic.com/firebasejs/10.11.1/firebase.js","packageURL":"https://www.gstatic.com/firebasejs/10.11.1/firebase.tgz"},"live":{"version":"10.11","browserURL":"https://www.gstatic.com/firebasejs/live/10.11/firebase.js","packageURL":"https://www.gstatic.com/firebasejs/live/10.11/firebase.tgz"},"components":{"analytics":"https://www.gstatic.com/firebasejs/10.11.1/firebase-analytics.js","app":"https://www.gstatic.com/firebasejs/10.11.1/firebase-app.js","app-check":"https://www.gstatic.com/firebasejs/10.11.1/firebase-app-check.js","auth":"https://www.gstatic.com/firebasejs/10.11.1/firebase-auth.js","auth/cordova":"https://www.gstatic.com/firebasejs/10.11.1/firebase-auth/cordova.js","auth/web-extension":"https://www.gstatic.com/firebasejs/10.11.1/firebase-auth/web-extension.js","functions":"https://www.gstatic.com/firebasejs/10.11.1/firebase-functions.js","firestore":"https://www.gstatic.com/firebasejs/10.11.1/firebase-firestore.js","firestore/lite":"https://www.gstatic.com/firebasejs/10.11.1/firebase-firestore/lite.js","installations":"https://www.gstatic.com/firebasejs/10.11.1/firebase-installations.js","storage":"https://www.gstatic.com/firebasejs/10.11.1/firebase-storage.js","performance":"https://www.gstatic.com/firebasejs/10.11.1/firebase-performance.js","remote-config":"https://www.gstatic.com/firebasejs/10.11.1/firebase-remote-config.js","messaging":"https://www.gstatic.com/firebasejs/10.11.1/firebase-messaging.js","messaging/sw":"https://www.gstatic.com/firebasejs/10.11.1/firebase-messaging/sw.js","database":"https://www.gstatic.com/firebasejs/10.11.1/firebase-database.js","firestore.memory":"https://www.gstatic.com/firebasejs/10.11.1/firebase-firestore.memory.js"}}
[info] +  Wrote public/index.html 
[info] 
[info] i  Detected a .git folder at C:\Users\Acer\AndroidStudioProjects\backend\public_html\project 
[info] i  Authorizing with GitHub to upload your service account to a GitHub repository's secrets store. 
[info] 
[info] Visit this URL on this device to log in:
[info] https://github.com/login/oauth/authorize?client_id=89cf50f02ac6aaed3484&state=940740047&redirect_uri=http%3A%2F%2Flocalhost%3A9005&scope=read%3Auser%20repo%20public_repo
[info] 
[info] Waiting for authentication...
